<?xml version="1.0" encoding="UTF-8"?>
<testng-results skipped="0" failed="0" total="2" passed="2">
  <reporter-output>
  </reporter-output>
  <suite name="training.FirstSeleniumJavaTest" duration-ms="29092" started-at="2021-04-26T15:30:16Z" finished-at="2021-04-26T15:30:45Z">
    <groups>
    </groups>
    <test name="Command line test" duration-ms="29092" started-at="2021-04-26T15:30:16Z" finished-at="2021-04-26T15:30:45Z">
      <class name="training.FirstSeleniumJavaTest">
        <test-method status="PASS" signature="beforeTest()[pri:0, instance:training.FirstSeleniumJavaTest@17f6480]" name="beforeTest" is-config="true" duration-ms="8502" started-at="2021-04-26T15:30:16Z" finished-at="2021-04-26T15:30:24Z">
        </test-method> <!-- beforeTest -->
        <test-method status="PASS" signature="testEasy()[pri:0, instance:training.FirstSeleniumJavaTest@17f6480]" name="testEasy" duration-ms="17262" started-at="2021-04-26T15:30:24Z" finished-at="2021-04-26T15:30:41Z">
        </test-method> <!-- testEasy -->
        <test-method status="PASS" signature="testTwo()[pri:0, instance:training.FirstSeleniumJavaTest@17f6480]" name="testTwo" duration-ms="1849" started-at="2021-04-26T15:30:41Z" finished-at="2021-04-26T15:30:43Z">
        </test-method> <!-- testTwo -->
        <test-method status="PASS" signature="afterTest()[pri:0, instance:training.FirstSeleniumJavaTest@17f6480]" name="afterTest" is-config="true" duration-ms="1472" started-at="2021-04-26T15:30:43Z" finished-at="2021-04-26T15:30:45Z">
        </test-method> <!-- afterTest -->
      </class> <!-- training.FirstSeleniumJavaTest -->
    </test> <!-- Command line test -->
  </suite> <!-- training.FirstSeleniumJavaTest -->
</testng-results>
